0 info it worked if it ends with ok
1 verbose cli [ '/usr/local/bin/node',
1 verbose cli   '/usr/local/bin/npm',
1 verbose cli   'i',
1 verbose cli   'gulp',
1 verbose cli   'gulp-sass',
1 verbose cli   'gulp-plumber',
1 verbose cli   'gulp-live-server',
1 verbose cli   'gulp-ninjuks-html' ]
2 info using npm@2.14.7
3 info using node@v4.2.1
4 verbose install initial load of /Users/pchara/www/Portfolio/package.json
5 verbose installManyTop reading scoped package data from /Users/pchara/www/Portfolio/node_modules/gulp/package.json
6 verbose installManyTop reading scoped package data from /Users/pchara/www/Portfolio/node_modules/gulp-live-server/package.json
7 verbose installManyTop reading scoped package data from /Users/pchara/www/Portfolio/node_modules/gulp-nunjucks-html/package.json
8 verbose installManyTop reading scoped package data from /Users/pchara/www/Portfolio/node_modules/gulp-plumber/package.json
9 verbose installManyTop reading scoped package data from /Users/pchara/www/Portfolio/node_modules/gulp-sass/package.json
10 info package.json gulp@3.8.10 No license field.
11 info package.json gulp-plumber@0.6.6 No license field.
12 verbose readDependencies loading dependencies from /Users/pchara/www/Portfolio/package.json
13 verbose install gulp is installed as 3.8.10
14 silly cache add args [ 'gulp', null ]
15 verbose cache add spec gulp
16 verbose install gulp-sass is installed as 1.3.2
17 silly cache add args [ 'gulp-sass', null ]
18 verbose cache add spec gulp-sass
19 verbose install gulp-plumber is installed as 0.6.6
20 silly cache add args [ 'gulp-plumber', null ]
21 verbose cache add spec gulp-plumber
22 verbose install gulp-live-server is installed as 0.0.8
23 silly cache add args [ 'gulp-live-server', null ]
24 verbose cache add spec gulp-live-server
25 silly cache add args [ 'gulp-ninjuks-html', null ]
26 verbose cache add spec gulp-ninjuks-html
27 silly cache add parsed spec Result {
27 silly cache add   raw: 'gulp',
27 silly cache add   scope: null,
27 silly cache add   name: 'gulp',
27 silly cache add   rawSpec: '',
27 silly cache add   spec: '*',
27 silly cache add   type: 'range' }
28 silly addNamed gulp@*
29 verbose addNamed "*" is a valid semver range for gulp
30 silly addNameRange { name: 'gulp', range: '*', hasData: false }
31 silly mapToRegistry name gulp
32 silly mapToRegistry using default registry
33 silly mapToRegistry registry https://registry.npmjs.org/
34 silly mapToRegistry uri https://registry.npmjs.org/gulp
35 verbose addNameRange registry:https://registry.npmjs.org/gulp not in flight; fetching
36 silly cache add parsed spec Result {
36 silly cache add   raw: 'gulp-sass',
36 silly cache add   scope: null,
36 silly cache add   name: 'gulp-sass',
36 silly cache add   rawSpec: '',
36 silly cache add   spec: '*',
36 silly cache add   type: 'range' }
37 silly addNamed gulp-sass@*
38 verbose addNamed "*" is a valid semver range for gulp-sass
39 silly addNameRange { name: 'gulp-sass', range: '*', hasData: false }
40 silly mapToRegistry name gulp-sass
41 silly mapToRegistry using default registry
42 silly mapToRegistry registry https://registry.npmjs.org/
43 silly mapToRegistry uri https://registry.npmjs.org/gulp-sass
44 verbose addNameRange registry:https://registry.npmjs.org/gulp-sass not in flight; fetching
45 silly cache add parsed spec Result {
45 silly cache add   raw: 'gulp-plumber',
45 silly cache add   scope: null,
45 silly cache add   name: 'gulp-plumber',
45 silly cache add   rawSpec: '',
45 silly cache add   spec: '*',
45 silly cache add   type: 'range' }
46 silly addNamed gulp-plumber@*
47 verbose addNamed "*" is a valid semver range for gulp-plumber
48 silly addNameRange { name: 'gulp-plumber', range: '*', hasData: false }
49 silly mapToRegistry name gulp-plumber
50 silly mapToRegistry using default registry
51 silly mapToRegistry registry https://registry.npmjs.org/
52 silly mapToRegistry uri https://registry.npmjs.org/gulp-plumber
53 verbose addNameRange registry:https://registry.npmjs.org/gulp-plumber not in flight; fetching
54 silly cache add parsed spec Result {
54 silly cache add   raw: 'gulp-live-server',
54 silly cache add   scope: null,
54 silly cache add   name: 'gulp-live-server',
54 silly cache add   rawSpec: '',
54 silly cache add   spec: '*',
54 silly cache add   type: 'range' }
55 silly addNamed gulp-live-server@*
56 verbose addNamed "*" is a valid semver range for gulp-live-server
57 silly addNameRange { name: 'gulp-live-server', range: '*', hasData: false }
58 silly mapToRegistry name gulp-live-server
59 silly mapToRegistry using default registry
60 silly mapToRegistry registry https://registry.npmjs.org/
61 silly mapToRegistry uri https://registry.npmjs.org/gulp-live-server
62 verbose addNameRange registry:https://registry.npmjs.org/gulp-live-server not in flight; fetching
63 silly cache add parsed spec Result {
63 silly cache add   raw: 'gulp-ninjuks-html',
63 silly cache add   scope: null,
63 silly cache add   name: 'gulp-ninjuks-html',
63 silly cache add   rawSpec: '',
63 silly cache add   spec: '*',
63 silly cache add   type: 'range' }
64 silly addNamed gulp-ninjuks-html@*
65 verbose addNamed "*" is a valid semver range for gulp-ninjuks-html
66 silly addNameRange { name: 'gulp-ninjuks-html', range: '*', hasData: false }
67 silly mapToRegistry name gulp-ninjuks-html
68 silly mapToRegistry using default registry
69 silly mapToRegistry registry https://registry.npmjs.org/
70 silly mapToRegistry uri https://registry.npmjs.org/gulp-ninjuks-html
71 verbose addNameRange registry:https://registry.npmjs.org/gulp-ninjuks-html not in flight; fetching
72 verbose request uri https://registry.npmjs.org/gulp-plumber
73 verbose request no auth needed
74 info attempt registry request try #1 at 09:53:56
75 verbose request using bearer token for auth
76 verbose request id 87badde24c21a795
77 http request GET https://registry.npmjs.org/gulp-plumber
78 verbose request uri https://registry.npmjs.org/gulp-ninjuks-html
79 verbose request no auth needed
80 info attempt registry request try #1 at 09:53:56
81 verbose request using bearer token for auth
82 http request GET https://registry.npmjs.org/gulp-ninjuks-html
83 verbose request uri https://registry.npmjs.org/gulp-sass
84 verbose request no auth needed
85 info attempt registry request try #1 at 09:53:56
86 verbose request using bearer token for auth
87 verbose etag "AQ7WAJRUGASFOPZORV22B20A1"
88 http request GET https://registry.npmjs.org/gulp-sass
89 verbose request uri https://registry.npmjs.org/gulp-live-server
90 verbose request no auth needed
91 info attempt registry request try #1 at 09:53:56
92 verbose request using bearer token for auth
93 verbose etag "ENVOB8S5YZ7OGCESSO4GTSF1O"
94 http request GET https://registry.npmjs.org/gulp-live-server
95 verbose request uri https://registry.npmjs.org/gulp
96 verbose request no auth needed
97 info attempt registry request try #1 at 09:53:57
98 verbose request using bearer token for auth
99 verbose etag "E4WACPT4KHZ3QGL5L94XWSLYD"
100 http request GET https://registry.npmjs.org/gulp
101 http 404 https://registry.npmjs.org/gulp-ninjuks-html
102 verbose headers { 'content-type': 'application/json',
102 verbose headers   'cache-control': 'max-age=0',
102 verbose headers   'content-length': '2',
102 verbose headers   'accept-ranges': 'bytes',
102 verbose headers   date: 'Thu, 28 Apr 2016 12:53:59 GMT',
102 verbose headers   via: '1.1 varnish',
102 verbose headers   connection: 'keep-alive',
102 verbose headers   'x-served-by': 'cache-iad2126-IAD',
102 verbose headers   'x-cache': 'MISS',
102 verbose headers   'x-cache-hits': '0',
102 verbose headers   'x-timer': 'S1461848039.097266,VS0,VE88',
102 verbose headers   vary: 'Accept-Encoding' }
103 silly get cb [ 404,
103 silly get   { 'content-type': 'application/json',
103 silly get     'cache-control': 'max-age=0',
103 silly get     'content-length': '2',
103 silly get     'accept-ranges': 'bytes',
103 silly get     date: 'Thu, 28 Apr 2016 12:53:59 GMT',
103 silly get     via: '1.1 varnish',
103 silly get     connection: 'keep-alive',
103 silly get     'x-served-by': 'cache-iad2126-IAD',
103 silly get     'x-cache': 'MISS',
103 silly get     'x-cache-hits': '0',
103 silly get     'x-timer': 'S1461848039.097266,VS0,VE88',
103 silly get     vary: 'Accept-Encoding' } ]
104 http 200 https://registry.npmjs.org/gulp-live-server
105 verbose headers { server: 'CouchDB/1.5.0 (Erlang OTP/R16B03)',
105 verbose headers   etag: '"8U3OX65896RF4E2K88WTXYF9J"',
105 verbose headers   'content-type': 'application/json',
105 verbose headers   'cache-control': 'max-age=300',
105 verbose headers   'content-length': '46875',
105 verbose headers   'accept-ranges': 'bytes',
105 verbose headers   date: 'Thu, 28 Apr 2016 12:53:59 GMT',
105 verbose headers   via: '1.1 varnish',
105 verbose headers   connection: 'keep-alive',
105 verbose headers   'x-served-by': 'cache-iad2143-IAD',
105 verbose headers   'x-cache': 'MISS',
105 verbose headers   'x-cache-hits': '0',
105 verbose headers   'x-timer': 'S1461848039.091509,VS0,VE97',
105 verbose headers   vary: 'Accept-Encoding' }
106 silly get cb [ 200,
106 silly get   { server: 'CouchDB/1.5.0 (Erlang OTP/R16B03)',
106 silly get     etag: '"8U3OX65896RF4E2K88WTXYF9J"',
106 silly get     'content-type': 'application/json',
106 silly get     'cache-control': 'max-age=300',
106 silly get     'content-length': '46875',
106 silly get     'accept-ranges': 'bytes',
106 silly get     date: 'Thu, 28 Apr 2016 12:53:59 GMT',
106 silly get     via: '1.1 varnish',
106 silly get     connection: 'keep-alive',
106 silly get     'x-served-by': 'cache-iad2143-IAD',
106 silly get     'x-cache': 'MISS',
106 silly get     'x-cache-hits': '0',
106 silly get     'x-timer': 'S1461848039.091509,VS0,VE97',
106 silly get     vary: 'Accept-Encoding' } ]
107 verbose get saving gulp-live-server to /Users/pchara/.npm/registry.npmjs.org/gulp-live-server/.cache.json
108 http 200 https://registry.npmjs.org/gulp-sass
109 verbose headers { server: 'CouchDB/1.5.0 (Erlang OTP/R16B03)',
109 verbose headers   etag: '"68OUHAR3MP7QLJRYTP12NJAUP"',
109 verbose headers   'content-type': 'application/json',
109 verbose headers   'cache-control': 'max-age=300',
109 verbose headers   'content-length': '52751',
109 verbose headers   'accept-ranges': 'bytes',
109 verbose headers   date: 'Thu, 28 Apr 2016 12:53:59 GMT',
109 verbose headers   via: '1.1 varnish',
109 verbose headers   connection: 'keep-alive',
109 verbose headers   'x-served-by': 'cache-iad2147-IAD',
109 verbose headers   'x-cache': 'MISS',
109 verbose headers   'x-cache-hits': '0',
109 verbose headers   'x-timer': 'S1461848039.103546,VS0,VE45',
109 verbose headers   vary: 'Accept-Encoding' }
110 silly get cb [ 200,
110 silly get   { server: 'CouchDB/1.5.0 (Erlang OTP/R16B03)',
110 silly get     etag: '"68OUHAR3MP7QLJRYTP12NJAUP"',
110 silly get     'content-type': 'application/json',
110 silly get     'cache-control': 'max-age=300',
110 silly get     'content-length': '52751',
110 silly get     'accept-ranges': 'bytes',
110 silly get     date: 'Thu, 28 Apr 2016 12:53:59 GMT',
110 silly get     via: '1.1 varnish',
110 silly get     connection: 'keep-alive',
110 silly get     'x-served-by': 'cache-iad2147-IAD',
110 silly get     'x-cache': 'MISS',
110 silly get     'x-cache-hits': '0',
110 silly get     'x-timer': 'S1461848039.103546,VS0,VE45',
110 silly get     vary: 'Accept-Encoding' } ]
111 verbose get saving gulp-sass to /Users/pchara/.npm/registry.npmjs.org/gulp-sass/.cache.json
112 http 200 https://registry.npmjs.org/gulp-plumber
113 verbose headers { server: 'CouchDB/1.5.0 (Erlang OTP/R16B03)',
113 verbose headers   etag: '"CJN4EKJ8B7DGPYAUGCEPIC2OI"',
113 verbose headers   'content-type': 'application/json',
113 verbose headers   'cache-control': 'max-age=300',
113 verbose headers   'content-length': '43883',
113 verbose headers   'accept-ranges': 'bytes',
113 verbose headers   date: 'Thu, 28 Apr 2016 12:53:59 GMT',
113 verbose headers   via: '1.1 varnish',
113 verbose headers   connection: 'keep-alive',
113 verbose headers   'x-served-by': 'cache-iad2126-IAD',
113 verbose headers   'x-cache': 'MISS',
113 verbose headers   'x-cache-hits': '0',
113 verbose headers   'x-timer': 'S1461848039.103839,VS0,VE98',
113 verbose headers   vary: 'Accept-Encoding' }
114 silly get cb [ 200,
114 silly get   { server: 'CouchDB/1.5.0 (Erlang OTP/R16B03)',
114 silly get     etag: '"CJN4EKJ8B7DGPYAUGCEPIC2OI"',
114 silly get     'content-type': 'application/json',
114 silly get     'cache-control': 'max-age=300',
114 silly get     'content-length': '43883',
114 silly get     'accept-ranges': 'bytes',
114 silly get     date: 'Thu, 28 Apr 2016 12:53:59 GMT',
114 silly get     via: '1.1 varnish',
114 silly get     connection: 'keep-alive',
114 silly get     'x-served-by': 'cache-iad2126-IAD',
114 silly get     'x-cache': 'MISS',
114 silly get     'x-cache-hits': '0',
114 silly get     'x-timer': 'S1461848039.103839,VS0,VE98',
114 silly get     vary: 'Accept-Encoding' } ]
115 verbose get saving gulp-plumber to /Users/pchara/.npm/registry.npmjs.org/gulp-plumber/.cache.json
116 silly addNameRange number 2 { name: 'gulp-live-server', range: '*', hasData: true }
117 silly addNameRange versions [ 'gulp-live-server',
117 silly addNameRange   [ '0.0.1',
117 silly addNameRange     '0.0.2',
117 silly addNameRange     '0.0.3',
117 silly addNameRange     '0.0.4',
117 silly addNameRange     '0.0.5',
117 silly addNameRange     '0.0.6',
117 silly addNameRange     '0.0.7',
117 silly addNameRange     '0.0.8',
117 silly addNameRange     '0.0.9',
117 silly addNameRange     '0.0.10',
117 silly addNameRange     '0.0.11',
117 silly addNameRange     '0.0.12',
117 silly addNameRange     '0.0.13',
117 silly addNameRange     '0.0.14',
117 silly addNameRange     '0.0.15',
117 silly addNameRange     '0.0.16',
117 silly addNameRange     '0.0.17',
117 silly addNameRange     '0.0.18',
117 silly addNameRange     '0.0.19',
117 silly addNameRange     '0.0.20',
117 silly addNameRange     '0.0.21',
117 silly addNameRange     '0.0.22',
117 silly addNameRange     '0.0.23',
117 silly addNameRange     '0.0.24',
117 silly addNameRange     '0.0.25',
117 silly addNameRange     '0.0.26',
117 silly addNameRange     '0.0.27',
117 silly addNameRange     '0.0.28',
117 silly addNameRange     '0.0.29' ] ]
118 silly addNamed gulp-live-server@0.0.29
119 verbose addNamed "0.0.29" is a plain semver version for gulp-live-server
120 silly addNameRange number 2 { name: 'gulp-sass', range: '*', hasData: true }
121 silly addNameRange versions [ 'gulp-sass',
121 silly addNameRange   [ '0.1.0',
121 silly addNameRange     '0.2.1',
121 silly addNameRange     '0.2.2',
121 silly addNameRange     '0.2.3',
121 silly addNameRange     '0.3.0',
121 silly addNameRange     '0.4.0',
121 silly addNameRange     '0.4.1',
121 silly addNameRange     '0.5.0',
121 silly addNameRange     '0.5.1',
121 silly addNameRange     '0.5.2',
121 silly addNameRange     '0.6.0',
121 silly addNameRange     '0.7.0',
121 silly addNameRange     '0.7.1',
121 silly addNameRange     '0.7.2',
121 silly addNameRange     '0.7.3',
121 silly addNameRange     '1.0.0',
121 silly addNameRange     '1.1.0',
121 silly addNameRange     '1.2.0',
121 silly addNameRange     '1.2.1',
121 silly addNameRange     '1.2.2',
121 silly addNameRange     '1.2.3',
121 silly addNameRange     '1.2.4',
121 silly addNameRange     '1.3.0',
121 silly addNameRange     '1.3.1',
121 silly addNameRange     '1.3.2',
121 silly addNameRange     '1.3.3',
121 silly addNameRange     '2.0.0-alpha.1',
121 silly addNameRange     '2.0.0',
121 silly addNameRange     '2.0.2',
121 silly addNameRange     '2.0.3',
121 silly addNameRange     '2.0.4',
121 silly addNameRange     '2.1.0-beta',
121 silly addNameRange     '2.1.0',
121 silly addNameRange     '2.1.1',
121 silly addNameRange     '2.2.0',
121 silly addNameRange     '2.3.0-beta.1',
121 silly addNameRange     '2.3.0',
121 silly addNameRange     '2.3.1' ] ]
122 silly addNamed gulp-sass@2.3.1
123 verbose addNamed "2.3.1" is a plain semver version for gulp-sass
124 silly mapToRegistry name gulp-sass
125 silly mapToRegistry using default registry
126 silly mapToRegistry registry https://registry.npmjs.org/
127 silly mapToRegistry uri https://registry.npmjs.org/gulp-sass
128 verbose addRemoteTarball https://registry.npmjs.org/gulp-sass/-/gulp-sass-2.3.1.tgz not in flight; adding
129 verbose addRemoteTarball [ 'https://registry.npmjs.org/gulp-sass/-/gulp-sass-2.3.1.tgz',
129 verbose addRemoteTarball   '7fc71d58e6245cbe092392e329cb5d23423de40c' ]
130 silly addNameRange number 2 { name: 'gulp-plumber', range: '*', hasData: true }
131 silly addNameRange versions [ 'gulp-plumber',
131 silly addNameRange   [ '0.0.1',
131 silly addNameRange     '0.1.0',
131 silly addNameRange     '0.2.0',
131 silly addNameRange     '0.2.1',
131 silly addNameRange     '0.2.3',
131 silly addNameRange     '0.3.0',
131 silly addNameRange     '0.4.0',
131 silly addNameRange     '0.4.1',
131 silly addNameRange     '0.5.0-rc1',
131 silly addNameRange     '0.5.0',
131 silly addNameRange     '0.5.1',
131 silly addNameRange     '0.5.2',
131 silly addNameRange     '0.5.3',
131 silly addNameRange     '0.5.4',
131 silly addNameRange     '0.5.5',
131 silly addNameRange     '0.5.6',
131 silly addNameRange     '0.6.0',
131 silly addNameRange     '0.6.1',
131 silly addNameRange     '0.6.2',
131 silly addNameRange     '0.6.3',
131 silly addNameRange     '0.6.4',
131 silly addNameRange     '0.6.5',
131 silly addNameRange     '0.6.6',
131 silly addNameRange     '1.0.0',
131 silly addNameRange     '1.0.1',
131 silly addNameRange     '1.0.2',
131 silly addNameRange     '1.1.0' ] ]
132 silly addNamed gulp-plumber@1.1.0
133 verbose addNamed "1.1.0" is a plain semver version for gulp-plumber
134 silly mapToRegistry name gulp-plumber
135 silly mapToRegistry using default registry
136 silly mapToRegistry registry https://registry.npmjs.org/
137 silly mapToRegistry uri https://registry.npmjs.org/gulp-plumber
138 verbose addRemoteTarball https://registry.npmjs.org/gulp-plumber/-/gulp-plumber-1.1.0.tgz not in flight; adding
139 verbose addRemoteTarball [ 'https://registry.npmjs.org/gulp-plumber/-/gulp-plumber-1.1.0.tgz',
139 verbose addRemoteTarball   'f12176c2d0422f60306c242fff6a01a394faba09' ]
140 info retry fetch attempt 1 at 09:53:59
141 info attempt registry request try #1 at 09:53:59
142 http fetch GET https://registry.npmjs.org/gulp-plumber/-/gulp-plumber-1.1.0.tgz
143 verbose request using bearer token for auth
144 info retry fetch attempt 1 at 09:53:59
145 info attempt registry request try #1 at 09:53:59
146 http fetch GET https://registry.npmjs.org/gulp-sass/-/gulp-sass-2.3.1.tgz
147 verbose request using bearer token for auth
148 silly cache afterAdd gulp-live-server@0.0.29
149 verbose afterAdd /Users/pchara/.npm/gulp-live-server/0.0.29/package/package.json not in flight; writing
150 verbose afterAdd /Users/pchara/.npm/gulp-live-server/0.0.29/package/package.json written
151 http 200 https://registry.npmjs.org/gulp
152 verbose headers { server: 'CouchDB/1.5.0 (Erlang OTP/R16B03)',
152 verbose headers   etag: '"A4DMNKU4BFP4EBDBYWVJBHKKE"',
152 verbose headers   'content-type': 'application/json',
152 verbose headers   'cache-control': 'max-age=300',
152 verbose headers   'content-length': '113937',
152 verbose headers   'accept-ranges': 'bytes',
152 verbose headers   date: 'Thu, 28 Apr 2016 12:53:59 GMT',
152 verbose headers   via: '1.1 varnish',
152 verbose headers   connection: 'keep-alive',
152 verbose headers   'x-served-by': 'cache-iad2131-IAD',
152 verbose headers   'x-cache': 'MISS',
152 verbose headers   'x-cache-hits': '0',
152 verbose headers   'x-timer': 'S1461848039.110642,VS0,VE116',
152 verbose headers   vary: 'Accept-Encoding' }
153 silly get cb [ 200,
153 silly get   { server: 'CouchDB/1.5.0 (Erlang OTP/R16B03)',
153 silly get     etag: '"A4DMNKU4BFP4EBDBYWVJBHKKE"',
153 silly get     'content-type': 'application/json',
153 silly get     'cache-control': 'max-age=300',
153 silly get     'content-length': '113937',
153 silly get     'accept-ranges': 'bytes',
153 silly get     date: 'Thu, 28 Apr 2016 12:53:59 GMT',
153 silly get     via: '1.1 varnish',
153 silly get     connection: 'keep-alive',
153 silly get     'x-served-by': 'cache-iad2131-IAD',
153 silly get     'x-cache': 'MISS',
153 silly get     'x-cache-hits': '0',
153 silly get     'x-timer': 'S1461848039.110642,VS0,VE116',
153 silly get     vary: 'Accept-Encoding' } ]
154 verbose get saving gulp to /Users/pchara/.npm/registry.npmjs.org/gulp/.cache.json
155 silly addNameRange number 2 { name: 'gulp', range: '*', hasData: true }
156 silly addNameRange versions [ 'gulp',
156 silly addNameRange   [ '0.0.1',
156 silly addNameRange     '0.0.2',
156 silly addNameRange     '0.0.3',
156 silly addNameRange     '0.0.4',
156 silly addNameRange     '0.0.5',
156 silly addNameRange     '0.0.7',
156 silly addNameRange     '0.0.8',
156 silly addNameRange     '0.0.9',
156 silly addNameRange     '0.1.0',
156 silly addNameRange     '0.2.0',
156 silly addNameRange     '1.0.0',
156 silly addNameRange     '1.1.0',
156 silly addNameRange     '1.2.0',
156 silly addNameRange     '1.2.1',
156 silly addNameRange     '2.0.0',
156 silly addNameRange     '2.0.1',
156 silly addNameRange     '2.1.0',
156 silly addNameRange     '2.2.0',
156 silly addNameRange     '2.3.0',
156 silly addNameRange     '2.4.0',
156 silly addNameRange     '2.4.1',
156 silly addNameRange     '2.6.0',
156 silly addNameRange     '2.6.1',
156 silly addNameRange     '2.7.0',
156 silly addNameRange     '3.0.0',
156 silly addNameRange     '3.1.1',
156 silly addNameRange     '3.1.2',
156 silly addNameRange     '3.1.3',
156 silly addNameRange     '3.1.4',
156 silly addNameRange     '3.2.0',
156 silly addNameRange     '3.2.1',
156 silly addNameRange     '3.2.2',
156 silly addNameRange     '3.2.3',
156 silly addNameRange     '3.2.4',
156 silly addNameRange     '3.2.5',
156 silly addNameRange     '3.3.0',
156 silly addNameRange     '3.3.1',
156 silly addNameRange     '3.3.2',
156 silly addNameRange     '3.3.4',
156 silly addNameRange     '3.4.0',
156 silly addNameRange     '3.5.0',
156 silly addNameRange     '3.5.1',
156 silly addNameRange     '3.5.2',
156 silly addNameRange     '3.5.5',
156 silly addNameRange     '3.5.6',
156 silly addNameRange     '3.6.0',
156 silly addNameRange     '3.6.1',
156 silly addNameRange     '3.6.2',
156 silly addNameRange     '3.7.0',
156 silly addNameRange     '3.8.0',
156 silly addNameRange     '3.8.1',
156 silly addNameRange     '3.8.2',
156 silly addNameRange     '3.8.3',
156 silly addNameRange     '3.8.4',
156 silly addNameRange     '3.8.5',
156 silly addNameRange     '3.8.6',
156 silly addNameRange     '3.8.7',
156 silly addNameRange     '3.8.8',
156 silly addNameRange     '3.8.9',
156 silly addNameRange     '3.8.10',
156 silly addNameRange     '3.8.11',
156 silly addNameRange     '3.9.0',
156 silly addNameRange     '3.9.1' ] ]
157 silly addNamed gulp@3.9.1
158 verbose addNamed "3.9.1" is a plain semver version for gulp
159 silly cache afterAdd gulp@3.9.1
160 verbose afterAdd /Users/pchara/.npm/gulp/3.9.1/package/package.json not in flight; writing
161 verbose afterAdd /Users/pchara/.npm/gulp/3.9.1/package/package.json written
162 http fetch 200 https://registry.npmjs.org/gulp-sass/-/gulp-sass-2.3.1.tgz
163 http fetch 200 https://registry.npmjs.org/gulp-plumber/-/gulp-plumber-1.1.0.tgz
164 silly fetchAndShaCheck shasum 7fc71d58e6245cbe092392e329cb5d23423de40c
165 silly fetchAndShaCheck shasum f12176c2d0422f60306c242fff6a01a394faba09
166 verbose addTmpTarball /var/folders/3f/vdlmdnmx7s7d2jgmkhhf35xc0000gp/T/npm-90412-3cfe9eda/registry.npmjs.org/gulp-sass/-/gulp-sass-2.3.1.tgz not in flight; adding
167 verbose addTmpTarball already have metadata; skipping unpack for gulp-sass@2.3.1
168 verbose addTmpTarball /var/folders/3f/vdlmdnmx7s7d2jgmkhhf35xc0000gp/T/npm-90412-3cfe9eda/registry.npmjs.org/gulp-plumber/-/gulp-plumber-1.1.0.tgz not in flight; adding
169 verbose addTmpTarball already have metadata; skipping unpack for gulp-plumber@1.1.0
170 silly cache afterAdd gulp-sass@2.3.1
171 verbose afterAdd /Users/pchara/.npm/gulp-sass/2.3.1/package/package.json not in flight; writing
172 verbose afterAdd /Users/pchara/.npm/gulp-sass/2.3.1/package/package.json written
173 silly cache afterAdd gulp-plumber@1.1.0
174 verbose afterAdd /Users/pchara/.npm/gulp-plumber/1.1.0/package/package.json not in flight; writing
175 verbose afterAdd /Users/pchara/.npm/gulp-plumber/1.1.0/package/package.json written
176 verbose stack Error: Registry returned 404 for GET on https://registry.npmjs.org/gulp-ninjuks-html
176 verbose stack     at makeError (/usr/local/lib/node_modules/npm/node_modules/npm-registry-client/lib/request.js:264:12)
176 verbose stack     at CachingRegistryClient.<anonymous> (/usr/local/lib/node_modules/npm/node_modules/npm-registry-client/lib/request.js:242:14)
176 verbose stack     at Request._callback (/usr/local/lib/node_modules/npm/node_modules/npm-registry-client/lib/request.js:172:14)
176 verbose stack     at Request.self.callback (/usr/local/lib/node_modules/npm/node_modules/request/request.js:198:22)
176 verbose stack     at emitTwo (events.js:87:13)
176 verbose stack     at Request.emit (events.js:172:7)
176 verbose stack     at Request.<anonymous> (/usr/local/lib/node_modules/npm/node_modules/request/request.js:1063:14)
176 verbose stack     at emitOne (events.js:82:20)
176 verbose stack     at Request.emit (events.js:169:7)
176 verbose stack     at IncomingMessage.<anonymous> (/usr/local/lib/node_modules/npm/node_modules/request/request.js:1009:12)
177 verbose statusCode 404
178 verbose pkgid gulp-ninjuks-html
179 verbose cwd /Users/pchara/www/Portfolio
180 error Darwin 15.4.0
181 error argv "/usr/local/bin/node" "/usr/local/bin/npm" "i" "gulp" "gulp-sass" "gulp-plumber" "gulp-live-server" "gulp-ninjuks-html"
182 error node v4.2.1
183 error npm  v2.14.7
184 error code E404
185 error 404 Registry returned 404 for GET on https://registry.npmjs.org/gulp-ninjuks-html
185 error 404
185 error 404 'gulp-ninjuks-html' is not in the npm registry.
185 error 404 You should bug the author to publish it (or use the name yourself!)
185 error 404
185 error 404 Note that you can also install from a
185 error 404 tarball, folder, http url, or git url.
186 verbose exit [ 1, true ]
